<?xml version="1.0" encoding="UTF-8"?>
<!-- Generated by org.testng.reporters.JUnitXMLReporter -->
<testsuite ignored="0" hostname="DESKTOP-JJ6ULOB" failures="0" tests="4" name="Default test" time="76.126" errors="0" timestamp="2022-04-19T21:18:37 IST">
  <testcase classname="com.vandvtechsolution.netbanking.testcases.LoginTc002" name="verifyLoginFunctionalityDDTest" time="1.656"/>
  <testcase classname="com.vandvtechsolution.netbanking.testcases.LoginTc002" name="verifyLoginFunctionalityDDTest" time="1.379"/>
  <testcase classname="com.vandvtechsolution.netbanking.testcases.LoginTc002" name="verifyLoginFunctionalityDDTest" time="1.104"/>
  <testcase classname="com.vandvtechsolution.netbanking.testcases.LoginTc002" name="verifyLoginFunctionalityDDTest" time="1.304"/>
</testsuite> <!-- Default test -->
