<?xml version="1.0" encoding="UTF-8"?>
<testng-results ignored="0" total="4" passed="4" failed="0" skipped="0">
  <reporter-output>
  </reporter-output>
  <suite started-at="2022-04-19T21:17:20 IST" name="Default suite" finished-at="2022-04-19T21:18:37 IST" duration-ms="76126">
    <groups>
    </groups>
    <test started-at="2022-04-19T21:17:20 IST" name="Default test" finished-at="2022-04-19T21:18:37 IST" duration-ms="76126">
      <class name="com.vandvtechsolution.netbanking.testcases.LoginTc002">
        <test-method is-config="true" signature="init()[pri:0, instance:com.vandvtechsolution.netbanking.testcases.LoginTc002@60bd273d]" started-at="2022-04-19T21:17:19 IST" name="init" finished-at="2022-04-19T21:17:20 IST" duration-ms="1589" status="PASS">
          <reporter-output>
          </reporter-output>
        </test-method> <!-- init -->
        <test-method is-config="true" signature="setUp(java.lang.String)[pri:0, instance:com.vandvtechsolution.netbanking.testcases.LoginTc002@60bd273d]" started-at="2022-04-19T21:17:21 IST" name="setUp" finished-at="2022-04-19T21:17:47 IST" duration-ms="26059" status="PASS">
          <params>
            <param index="0">
              <value>
                <![CDATA[Chrome]]>
              </value>
            </param>
          </params>
          <reporter-output>
          </reporter-output>
        </test-method> <!-- setUp -->
        <test-method signature="verifyLoginFunctionalityDDTest(java.lang.Object,java.lang.Object)[pri:0, instance:com.vandvtechsolution.netbanking.testcases.LoginTc002@60bd273d]" started-at="2022-04-19T21:17:47 IST" name="verifyLoginFunctionalityDDTest" data-provider="getData" finished-at="2022-04-19T21:17:49 IST" duration-ms="1656" status="PASS">
          <params>
            <param index="0">
              <value>
                <![CDATA[mngr395244]]>
              </value>
            </param>
            <param index="1">
              <value>
                <![CDATA[YrYbEjY]]>
              </value>
            </param>
          </params>
          <reporter-output>
          </reporter-output>
        </test-method> <!-- verifyLoginFunctionalityDDTest -->
        <test-method is-config="true" signature="tearDown()[pri:0, instance:com.vandvtechsolution.netbanking.testcases.LoginTc002@60bd273d]" started-at="2022-04-19T21:17:49 IST" name="tearDown" finished-at="2022-04-19T21:17:49 IST" duration-ms="625" status="PASS">
          <reporter-output>
          </reporter-output>
        </test-method> <!-- tearDown -->
        <test-method is-config="true" signature="setUp(java.lang.String)[pri:0, instance:com.vandvtechsolution.netbanking.testcases.LoginTc002@60bd273d]" started-at="2022-04-19T21:17:49 IST" name="setUp" finished-at="2022-04-19T21:18:02 IST" duration-ms="13086" status="PASS">
          <params>
            <param index="0">
              <value>
                <![CDATA[Chrome]]>
              </value>
            </param>
          </params>
          <reporter-output>
          </reporter-output>
        </test-method> <!-- setUp -->
        <test-method signature="verifyLoginFunctionalityDDTest(java.lang.Object,java.lang.Object)[pri:0, instance:com.vandvtechsolution.netbanking.testcases.LoginTc002@60bd273d]" started-at="2022-04-19T21:18:02 IST" name="verifyLoginFunctionalityDDTest" data-provider="getData" finished-at="2022-04-19T21:18:04 IST" duration-ms="1379" status="PASS">
          <params>
            <param index="0">
              <value>
                <![CDATA[mngr3123244]]>
              </value>
            </param>
            <param index="1">
              <value>
                <![CDATA[YrYbEjY]]>
              </value>
            </param>
          </params>
          <reporter-output>
          </reporter-output>
        </test-method> <!-- verifyLoginFunctionalityDDTest -->
        <test-method is-config="true" signature="tearDown()[pri:0, instance:com.vandvtechsolution.netbanking.testcases.LoginTc002@60bd273d]" started-at="2022-04-19T21:18:04 IST" name="tearDown" finished-at="2022-04-19T21:18:04 IST" duration-ms="337" status="PASS">
          <reporter-output>
          </reporter-output>
        </test-method> <!-- tearDown -->
        <test-method is-config="true" signature="setUp(java.lang.String)[pri:0, instance:com.vandvtechsolution.netbanking.testcases.LoginTc002@60bd273d]" started-at="2022-04-19T21:18:04 IST" name="setUp" finished-at="2022-04-19T21:18:17 IST" duration-ms="12808" status="PASS">
          <params>
            <param index="0">
              <value>
                <![CDATA[Chrome]]>
              </value>
            </param>
          </params>
          <reporter-output>
          </reporter-output>
        </test-method> <!-- setUp -->
        <test-method signature="verifyLoginFunctionalityDDTest(java.lang.Object,java.lang.Object)[pri:0, instance:com.vandvtechsolution.netbanking.testcases.LoginTc002@60bd273d]" started-at="2022-04-19T21:18:17 IST" name="verifyLoginFunctionalityDDTest" data-provider="getData" finished-at="2022-04-19T21:18:18 IST" duration-ms="1104" status="PASS">
          <params>
            <param index="0">
              <value>
                <![CDATA[mngr1195244]]>
              </value>
            </param>
            <param index="1">
              <value>
                <![CDATA[YrYbEjY]]>
              </value>
            </param>
          </params>
          <reporter-output>
          </reporter-output>
        </test-method> <!-- verifyLoginFunctionalityDDTest -->
        <test-method is-config="true" signature="tearDown()[pri:0, instance:com.vandvtechsolution.netbanking.testcases.LoginTc002@60bd273d]" started-at="2022-04-19T21:18:18 IST" name="tearDown" finished-at="2022-04-19T21:18:18 IST" duration-ms="366" status="PASS">
          <reporter-output>
          </reporter-output>
        </test-method> <!-- tearDown -->
        <test-method is-config="true" signature="setUp(java.lang.String)[pri:0, instance:com.vandvtechsolution.netbanking.testcases.LoginTc002@60bd273d]" started-at="2022-04-19T21:18:18 IST" name="setUp" finished-at="2022-04-19T21:18:35 IST" duration-ms="16638" status="PASS">
          <params>
            <param index="0">
              <value>
                <![CDATA[Chrome]]>
              </value>
            </param>
          </params>
          <reporter-output>
          </reporter-output>
        </test-method> <!-- setUp -->
        <test-method signature="verifyLoginFunctionalityDDTest(java.lang.Object,java.lang.Object)[pri:0, instance:com.vandvtechsolution.netbanking.testcases.LoginTc002@60bd273d]" started-at="2022-04-19T21:18:35 IST" name="verifyLoginFunctionalityDDTest" data-provider="getData" finished-at="2022-04-19T21:18:36 IST" duration-ms="1304" status="PASS">
          <params>
            <param index="0">
              <value>
                <![CDATA[mngr395244]]>
              </value>
            </param>
            <param index="1">
              <value>
                <![CDATA[YrYbEwj]]>
              </value>
            </param>
          </params>
          <reporter-output>
          </reporter-output>
        </test-method> <!-- verifyLoginFunctionalityDDTest -->
        <test-method is-config="true" signature="tearDown()[pri:0, instance:com.vandvtechsolution.netbanking.testcases.LoginTc002@60bd273d]" started-at="2022-04-19T21:18:36 IST" name="tearDown" finished-at="2022-04-19T21:18:37 IST" duration-ms="214" status="PASS">
          <reporter-output>
          </reporter-output>
        </test-method> <!-- tearDown -->
      </class> <!-- com.vandvtechsolution.netbanking.testcases.LoginTc002 -->
    </test> <!-- Default test -->
  </suite> <!-- Default suite -->
</testng-results>
